<?xml version="1.0" encoding="UTF-8"?>
<!-- Generated by org.testng.reporters.JUnitReportReporter -->
<testsuite hostname="TYC0522081" failures="0" tests="1" name="com.Test.TestClass" time="8.049" errors="0" timestamp="2024-08-30T18:57:23 IST" skipped="0">
  <testcase classname="com.Test.TestClass" name="testclass" time="8.049"/>
  <system-out/>
</testsuite> <!-- com.Test.TestClass -->
