<?xml version="1.0" encoding="UTF-8"?>
<!-- Generated by org.testng.reporters.JUnitReportReporter -->
<testsuite hostname="TYC0522081" failures="0" tests="1" name="testNG_parctice.readDataFromExcel" time="2.357" errors="0" timestamp="2024-08-02T17:10:32 IST" skipped="0">
  <testcase classname="testNG_parctice.readDataFromExcel" name="readfFile" time="2.357"/>
  <system-out/>
</testsuite> <!-- testNG_parctice.readDataFromExcel -->
