<?xml version="1.0" encoding="UTF-8"?>
<!-- Generated by org.testng.reporters.JUnitReportReporter -->
<testsuite hostname="TYC0522081" failures="0" tests="1" name="com.Test.test2" time="8.922" errors="0" timestamp="2024-08-30T18:56:16 IST" skipped="0">
  <testcase classname="com.Test.test2" name="testimg" time="8.922"/>
  <system-out/>
</testsuite> <!-- com.Test.test2 -->
