<?xml version="1.0" encoding="UTF-8"?>
<!-- Generated by org.testng.reporters.JUnitReportReporter -->
<testsuite hostname="TYC0522081" failures="0" tests="1" name="com.Test.TestClass" time="4.489" errors="0" timestamp="2024-08-30T19:09:07 IST" skipped="0">
  <testcase classname="com.Test.TestClass" name="testclass" time="4.489"/>
  <system-out/>
</testsuite> <!-- com.Test.TestClass -->
